
########## Mostrando la blockchain. ##########
BLOCK 55:
	is_valid: 1
	target: 30161616
	solution: 67175354
Wallets:
 0: 34 | 1: 20 | 2: 1 |
------------------------------------------------------------------------------
BLOCK 56:
	is_valid: 1
	target: 67175354
	solution: 49502753
Wallets:
 0: 34 | 1: 21 | 2: 1 |
------------------------------------------------------------------------------
BLOCK 57:
	is_valid: 1
	target: 49502753
	solution: 71591080
Wallets:
 0: 34 | 1: 22 | 2: 1 |
------------------------------------------------------------------------------
BLOCK 58:
	is_valid: 1
	target: 71591080
	solution: 3987963
Wallets:
 0: 35 | 1: 22 | 2: 1 |
------------------------------------------------------------------------------
BLOCK 59:
	is_valid: 1
	target: 3987963
	solution: 92494471
Wallets:
 0: 35 | 1: 23 | 2: 1 |
------------------------------------------------------------------------------
BLOCK 60:
	is_valid: 1
	target: 92494471
	solution: 54004296
Wallets:
 0: 35 | 1: 24 | 2: 1 |
------------------------------------------------------------------------------
BLOCK 61:
	is_valid: 1
	target: 54004296
	solution: 55047151
Wallets:
 0: 36 | 1: 24 | 2: 1 |
------------------------------------------------------------------------------
BLOCK 62:
	is_valid: 1
	target: 55047151
	solution: 33986681
Wallets:
 0: 36 | 1: 25 | 2: 1 |
------------------------------------------------------------------------------
BLOCK 63:
	is_valid: 1
	target: 33986681
	solution: 27803066
Wallets:
 0: 36 | 1: 26 | 2: 1 |
------------------------------------------------------------------------------
BLOCK 64:
	is_valid: 1
	target: 27803066
	solution: 83375531
Wallets:
 0: 37 | 1: 26 | 2: 1 |
------------------------------------------------------------------------------
BLOCK 65:
	is_valid: 1
	target: 83375531
	solution: 1676706
Wallets:
 0: 37 | 1: 27 | 2: 1 |
------------------------------------------------------------------------------
BLOCK 66:
	is_valid: 1
	target: 1676706
	solution: 26101643
Wallets:
 0: 37 | 1: 28 | 2: 1 |
------------------------------------------------------------------------------
BLOCK 67:
	is_valid: 1
	target: 26101643
	solution: 55934775
Wallets:
 0: 37 | 1: 29 | 2: 1 |
------------------------------------------------------------------------------
BLOCK 68:
	is_valid: 1
	target: 55934775
	solution: 55081438
Wallets:
 0: 38 | 1: 29 | 2: 1 |
------------------------------------------------------------------------------
BLOCK 69:
	is_valid: 1
	target: 55081438
	solution: 76075811
Wallets:
 0: 38 | 1: 30 | 2: 1 |
------------------------------------------------------------------------------
BLOCK 70:
	is_valid: 1
	target: 76075811
	solution: 78677100
Wallets:
 0: 38 | 1: 31 | 2: 1 |
------------------------------------------------------------------------------
BLOCK 71:
	is_valid: 1
	target: 78677100
	solution: 52357040
Wallets:
 0: 38 | 1: 32 | 2: 1 |
------------------------------------------------------------------------------
BLOCK 72:
	is_valid: 1
	target: 52357040
	solution: 94073042
Wallets:
 0: 38 | 1: 33 | 2: 1 |
------------------------------------------------------------------------------
BLOCK 73:
	is_valid: 1
	target: 94073042
	solution: 92747780
Wallets:
 0: 38 | 1: 34 | 2: 1 |
------------------------------------------------------------------------------
BLOCK 74:
	is_valid: 1
	target: 92747780
	solution: 89591414
Wallets:
 0: 39 | 1: 34 | 2: 1 |
------------------------------------------------------------------------------
BLOCK 75:
	is_valid: 1
	target: 89591414
	solution: 77199377
Wallets:
 0: 39 | 1: 35 | 2: 1 |
------------------------------------------------------------------------------

########## Mostrando la blockchain. ##########
BLOCK 55:
	is_valid: 1
	target: 30161616
	solution: 67175354
Wallets:
 0: 34 | 1: 20 | 2: 1 |
------------------------------------------------------------------------------
BLOCK 56:
	is_valid: 1
	target: 67175354
	solution: 49502753
Wallets:
 0: 34 | 1: 21 | 2: 1 |
------------------------------------------------------------------------------
BLOCK 57:
	is_valid: 1
	target: 49502753
	solution: 71591080
Wallets:
 0: 34 | 1: 22 | 2: 1 |
------------------------------------------------------------------------------
BLOCK 58:
	is_valid: 1
	target: 71591080
	solution: 3987963
Wallets:
 0: 35 | 1: 22 | 2: 1 |
------------------------------------------------------------------------------
BLOCK 59:
	is_valid: 1
	target: 3987963
	solution: 92494471
Wallets:
 0: 35 | 1: 23 | 2: 1 |
------------------------------------------------------------------------------
BLOCK 60:
	is_valid: 1
	target: 92494471
	solution: 54004296
Wallets:
 0: 35 | 1: 24 | 2: 1 |
------------------------------------------------------------------------------
BLOCK 61:
	is_valid: 1
	target: 54004296
	solution: 55047151
Wallets:
 0: 36 | 1: 24 | 2: 1 |
------------------------------------------------------------------------------
BLOCK 62:
	is_valid: 1
	target: 55047151
	solution: 33986681
Wallets:
 0: 36 | 1: 25 | 2: 1 |
------------------------------------------------------------------------------
BLOCK 63:
	is_valid: 1
	target: 33986681
	solution: 27803066
Wallets:
 0: 36 | 1: 26 | 2: 1 |
------------------------------------------------------------------------------
BLOCK 64:
	is_valid: 1
	target: 27803066
	solution: 83375531
Wallets:
 0: 37 | 1: 26 | 2: 1 |
------------------------------------------------------------------------------
BLOCK 65:
	is_valid: 1
	target: 83375531
	solution: 1676706
Wallets:
 0: 37 | 1: 27 | 2: 1 |
------------------------------------------------------------------------------
BLOCK 66:
	is_valid: 1
	target: 1676706
	solution: 26101643
Wallets:
 0: 37 | 1: 28 | 2: 1 |
------------------------------------------------------------------------------
BLOCK 67:
	is_valid: 1
	target: 26101643
	solution: 55934775
Wallets:
 0: 37 | 1: 29 | 2: 1 |
------------------------------------------------------------------------------
BLOCK 68:
	is_valid: 1
	target: 55934775
	solution: 55081438
Wallets:
 0: 38 | 1: 29 | 2: 1 |
------------------------------------------------------------------------------
BLOCK 69:
	is_valid: 1
	target: 55081438
	solution: 76075811
Wallets:
 0: 38 | 1: 30 | 2: 1 |
------------------------------------------------------------------------------
BLOCK 70:
	is_valid: 1
	target: 76075811
	solution: 78677100
Wallets:
 0: 38 | 1: 31 | 2: 1 |
------------------------------------------------------------------------------
BLOCK 71:
	is_valid: 1
	target: 78677100
	solution: 52357040
Wallets:
 0: 38 | 1: 32 | 2: 1 |
------------------------------------------------------------------------------
BLOCK 72:
	is_valid: 1
	target: 52357040
	solution: 94073042
Wallets:
 0: 38 | 1: 33 | 2: 1 |
------------------------------------------------------------------------------
BLOCK 73:
	is_valid: 1
	target: 94073042
	solution: 92747780
Wallets:
 0: 38 | 1: 34 | 2: 1 |
------------------------------------------------------------------------------
BLOCK 74:
	is_valid: 1
	target: 92747780
	solution: 89591414
Wallets:
 0: 39 | 1: 34 | 2: 1 |
------------------------------------------------------------------------------
BLOCK 75:
	is_valid: 1
	target: 89591414
	solution: 77199377
Wallets:
 0: 39 | 1: 35 | 2: 1 |
------------------------------------------------------------------------------
BLOCK 76:
	is_valid: 1
	target: 77199377
	solution: 36353526
Wallets:
 0: 39 | 1: 36 | 2: 1 |
------------------------------------------------------------------------------
BLOCK 77:
	is_valid: 1
	target: 36353526
	solution: 27936322
Wallets:
 0: 40 | 1: 36 | 2: 1 |
------------------------------------------------------------------------------
BLOCK 78:
	is_valid: 1
	target: 27936322
	solution: 11331241
Wallets:
 0: 40 | 1: 37 | 2: 1 |
------------------------------------------------------------------------------
BLOCK 79:
	is_valid: 1
	target: 11331241
	solution: 87748964
Wallets:
 0: 40 | 1: 38 | 2: 1 |
------------------------------------------------------------------------------
BLOCK 80:
	is_valid: 1
	target: 87748964
	solution: 57159443
Wallets:
 0: 41 | 1: 38 | 2: 1 |
------------------------------------------------------------------------------
BLOCK 81:
	is_valid: 1
	target: 57159443
	solution: 51392435
Wallets:
 0: 41 | 1: 39 | 2: 1 |
------------------------------------------------------------------------------
BLOCK 82:
	is_valid: 1
	target: 51392435
	solution: 33172906
Wallets:
 0: 41 | 1: 40 | 2: 1 |
------------------------------------------------------------------------------
BLOCK 83:
	is_valid: 1
	target: 33172906
	solution: 51304715
Wallets:
 0: 41 | 1: 41 | 2: 1 |
------------------------------------------------------------------------------
BLOCK 84:
	is_valid: 1
	target: 51304715
	solution: 37476345
Wallets:
 0: 42 | 1: 41 | 2: 1 |
------------------------------------------------------------------------------
BLOCK 85:
	is_valid: 1
	target: 37476345
	solution: 56581394
Wallets:
 0: 43 | 1: 41 | 2: 1 |
------------------------------------------------------------------------------
BLOCK 86:
	is_valid: 1
	target: 56581394
	solution: 42839928
Wallets:
 0: 44 | 1: 41 | 2: 1 |
------------------------------------------------------------------------------
BLOCK 87:
	is_valid: 1
	target: 42839928
	solution: 42798196
Wallets:
 0: 45 | 1: 41 | 2: 1 |
------------------------------------------------------------------------------
BLOCK 88:
	is_valid: 1
	target: 42798196
	solution: 41503143
Wallets:
 0: 46 | 1: 41 | 2: 1 |
------------------------------------------------------------------------------
BLOCK 89:
	is_valid: 1
	target: 41503143
	solution: 8706501
Wallets:
 0: 47 | 1: 41 | 2: 1 |
------------------------------------------------------------------------------
BLOCK 90:
	is_valid: 1
	target: 8706501
	solution: 48507651
Wallets:
 0: 47 | 1: 42 | 2: 1 |
------------------------------------------------------------------------------
BLOCK 91:
	is_valid: 1
	target: 48507651
	solution: 82150120
Wallets:
 0: 48 | 1: 42 | 2: 1 |
------------------------------------------------------------------------------
BLOCK 92:
	is_valid: 1
	target: 82150120
	solution: 81308963
Wallets:
 0: 49 | 1: 42 | 2: 1 |
------------------------------------------------------------------------------
BLOCK 93:
	is_valid: 1
	target: 81308963
	solution: 50339008
Wallets:
 0: 49 | 1: 43 | 2: 1 |
------------------------------------------------------------------------------
BLOCK 94:
	is_valid: 1
	target: 50339008
	solution: 6039071
Wallets:
 0: 49 | 1: 43 | 2: 2 |
------------------------------------------------------------------------------
BLOCK 95:
	is_valid: 1
	target: 6039071
	solution: 16524697
Wallets:
 0: 49 | 1: 44 | 2: 2 |
------------------------------------------------------------------------------
BLOCK 96:
	is_valid: 1
	target: 16524697
	solution: 90249566
Wallets:
 0: 49 | 1: 45 | 2: 2 |
------------------------------------------------------------------------------
BLOCK 97:
	is_valid: 1
	target: 90249566
	solution: 8332047
Wallets:
 0: 49 | 1: 45 | 2: 3 |
------------------------------------------------------------------------------
BLOCK 98:
	is_valid: 1
	target: 8332047
	solution: 47186176
Wallets:
 0: 50 | 1: 45 | 2: 3 |
------------------------------------------------------------------------------
BLOCK 99:
	is_valid: 1
	target: 47186176
	solution: 88813435
Wallets:
 0: 51 | 1: 45 | 2: 3 |
------------------------------------------------------------------------------
BLOCK 100:
	is_valid: 1
	target: 88813435
	solution: 19507644
Wallets:
 0: 52 | 1: 45 | 2: 3 |
------------------------------------------------------------------------------

########## Mostrando la blockchain. ##########
BLOCK 55:
	is_valid: 1
	target: 30161616
	solution: 67175354
Wallets:
 0: 34 | 1: 20 | 2: 1 |
------------------------------------------------------------------------------
BLOCK 56:
	is_valid: 1
	target: 67175354
	solution: 49502753
Wallets:
 0: 34 | 1: 21 | 2: 1 |
------------------------------------------------------------------------------
BLOCK 57:
	is_valid: 1
	target: 49502753
	solution: 71591080
Wallets:
 0: 34 | 1: 22 | 2: 1 |
------------------------------------------------------------------------------
BLOCK 58:
	is_valid: 1
	target: 71591080
	solution: 3987963
Wallets:
 0: 35 | 1: 22 | 2: 1 |
------------------------------------------------------------------------------
BLOCK 59:
	is_valid: 1
	target: 3987963
	solution: 92494471
Wallets:
 0: 35 | 1: 23 | 2: 1 |
------------------------------------------------------------------------------
BLOCK 60:
	is_valid: 1
	target: 92494471
	solution: 54004296
Wallets:
 0: 35 | 1: 24 | 2: 1 |
------------------------------------------------------------------------------
BLOCK 61:
	is_valid: 1
	target: 54004296
	solution: 55047151
Wallets:
 0: 36 | 1: 24 | 2: 1 |
------------------------------------------------------------------------------
BLOCK 62:
	is_valid: 1
	target: 55047151
	solution: 33986681
Wallets:
 0: 36 | 1: 25 | 2: 1 |
------------------------------------------------------------------------------
BLOCK 63:
	is_valid: 1
	target: 33986681
	solution: 27803066
Wallets:
 0: 36 | 1: 26 | 2: 1 |
------------------------------------------------------------------------------
BLOCK 64:
	is_valid: 1
	target: 27803066
	solution: 83375531
Wallets:
 0: 37 | 1: 26 | 2: 1 |
------------------------------------------------------------------------------
BLOCK 65:
	is_valid: 1
	target: 83375531
	solution: 1676706
Wallets:
 0: 37 | 1: 27 | 2: 1 |
------------------------------------------------------------------------------
BLOCK 66:
	is_valid: 1
	target: 1676706
	solution: 26101643
Wallets:
 0: 37 | 1: 28 | 2: 1 |
------------------------------------------------------------------------------
BLOCK 67:
	is_valid: 1
	target: 26101643
	solution: 55934775
Wallets:
 0: 37 | 1: 29 | 2: 1 |
------------------------------------------------------------------------------
BLOCK 68:
	is_valid: 1
	target: 55934775
	solution: 55081438
Wallets:
 0: 38 | 1: 29 | 2: 1 |
------------------------------------------------------------------------------
BLOCK 69:
	is_valid: 1
	target: 55081438
	solution: 76075811
Wallets:
 0: 38 | 1: 30 | 2: 1 |
------------------------------------------------------------------------------
BLOCK 70:
	is_valid: 1
	target: 76075811
	solution: 78677100
Wallets:
 0: 38 | 1: 31 | 2: 1 |
------------------------------------------------------------------------------
BLOCK 71:
	is_valid: 1
	target: 78677100
	solution: 52357040
Wallets:
 0: 38 | 1: 32 | 2: 1 |
------------------------------------------------------------------------------
BLOCK 72:
	is_valid: 1
	target: 52357040
	solution: 94073042
Wallets:
 0: 38 | 1: 33 | 2: 1 |
------------------------------------------------------------------------------
BLOCK 73:
	is_valid: 1
	target: 94073042
	solution: 92747780
Wallets:
 0: 38 | 1: 34 | 2: 1 |
------------------------------------------------------------------------------
BLOCK 74:
	is_valid: 1
	target: 92747780
	solution: 89591414
Wallets:
 0: 39 | 1: 34 | 2: 1 |
------------------------------------------------------------------------------
BLOCK 75:
	is_valid: 1
	target: 89591414
	solution: 77199377
Wallets:
 0: 39 | 1: 35 | 2: 1 |
------------------------------------------------------------------------------
BLOCK 76:
	is_valid: 1
	target: 77199377
	solution: 36353526
Wallets:
 0: 39 | 1: 36 | 2: 1 |
------------------------------------------------------------------------------
BLOCK 77:
	is_valid: 1
	target: 36353526
	solution: 27936322
Wallets:
 0: 40 | 1: 36 | 2: 1 |
------------------------------------------------------------------------------
BLOCK 78:
	is_valid: 1
	target: 27936322
	solution: 11331241
Wallets:
 0: 40 | 1: 37 | 2: 1 |
------------------------------------------------------------------------------
BLOCK 79:
	is_valid: 1
	target: 11331241
	solution: 87748964
Wallets:
 0: 40 | 1: 38 | 2: 1 |
------------------------------------------------------------------------------
BLOCK 80:
	is_valid: 1
	target: 87748964
	solution: 57159443
Wallets:
 0: 41 | 1: 38 | 2: 1 |
------------------------------------------------------------------------------
BLOCK 81:
	is_valid: 1
	target: 57159443
	solution: 51392435
Wallets:
 0: 41 | 1: 39 | 2: 1 |
------------------------------------------------------------------------------
BLOCK 82:
	is_valid: 1
	target: 51392435
	solution: 33172906
Wallets:
 0: 41 | 1: 40 | 2: 1 |
------------------------------------------------------------------------------
BLOCK 83:
	is_valid: 1
	target: 33172906
	solution: 51304715
Wallets:
 0: 41 | 1: 41 | 2: 1 |
------------------------------------------------------------------------------
BLOCK 84:
	is_valid: 1
	target: 51304715
	solution: 37476345
Wallets:
 0: 42 | 1: 41 | 2: 1 |
------------------------------------------------------------------------------
BLOCK 85:
	is_valid: 1
	target: 37476345
	solution: 56581394
Wallets:
 0: 43 | 1: 41 | 2: 1 |
------------------------------------------------------------------------------
BLOCK 86:
	is_valid: 1
	target: 56581394
	solution: 42839928
Wallets:
 0: 44 | 1: 41 | 2: 1 |
------------------------------------------------------------------------------
BLOCK 87:
	is_valid: 1
	target: 42839928
	solution: 42798196
Wallets:
 0: 45 | 1: 41 | 2: 1 |
------------------------------------------------------------------------------
BLOCK 88:
	is_valid: 1
	target: 42798196
	solution: 41503143
Wallets:
 0: 46 | 1: 41 | 2: 1 |
------------------------------------------------------------------------------
BLOCK 89:
	is_valid: 1
	target: 41503143
	solution: 8706501
Wallets:
 0: 47 | 1: 41 | 2: 1 |
------------------------------------------------------------------------------
BLOCK 90:
	is_valid: 1
	target: 8706501
	solution: 48507651
Wallets:
 0: 47 | 1: 42 | 2: 1 |
------------------------------------------------------------------------------
BLOCK 91:
	is_valid: 1
	target: 48507651
	solution: 82150120
Wallets:
 0: 48 | 1: 42 | 2: 1 |
------------------------------------------------------------------------------
BLOCK 92:
	is_valid: 1
	target: 82150120
	solution: 81308963
Wallets:
 0: 49 | 1: 42 | 2: 1 |
------------------------------------------------------------------------------
BLOCK 93:
	is_valid: 1
	target: 81308963
	solution: 50339008
Wallets:
 0: 49 | 1: 43 | 2: 1 |
------------------------------------------------------------------------------
BLOCK 94:
	is_valid: 1
	target: 50339008
	solution: 6039071
Wallets:
 0: 49 | 1: 43 | 2: 2 |
------------------------------------------------------------------------------
BLOCK 95:
	is_valid: 1
	target: 6039071
	solution: 16524697
Wallets:
 0: 49 | 1: 44 | 2: 2 |
------------------------------------------------------------------------------
BLOCK 96:
	is_valid: 1
	target: 16524697
	solution: 90249566
Wallets:
 0: 49 | 1: 45 | 2: 2 |
------------------------------------------------------------------------------
BLOCK 97:
	is_valid: 1
	target: 90249566
	solution: 8332047
Wallets:
 0: 49 | 1: 45 | 2: 3 |
------------------------------------------------------------------------------
BLOCK 98:
	is_valid: 1
	target: 8332047
	solution: 47186176
Wallets:
 0: 50 | 1: 45 | 2: 3 |
------------------------------------------------------------------------------
BLOCK 99:
	is_valid: 1
	target: 47186176
	solution: 88813435
Wallets:
 0: 51 | 1: 45 | 2: 3 |
------------------------------------------------------------------------------
BLOCK 100:
	is_valid: 1
	target: 88813435
	solution: 19507644
Wallets:
 0: 52 | 1: 45 | 2: 3 |
------------------------------------------------------------------------------
BLOCK 101:
	is_valid: 1
	target: 19507644
	solution: 24729779
Wallets:
 0: 52 | 1: 46 | 2: 3 |
------------------------------------------------------------------------------
BLOCK 102:
	is_valid: 1
	target: 24729779
	solution: 94755925
Wallets:
 0: 52 | 1: 47 | 2: 3 |
------------------------------------------------------------------------------
BLOCK 103:
	is_valid: 1
	target: 94755925
	solution: 81353679
Wallets:
 0: 52 | 1: 48 | 2: 3 |
------------------------------------------------------------------------------
BLOCK 104:
	is_valid: 1
	target: 81353679
	solution: 62777876
Wallets:
 0: 52 | 1: 49 | 2: 3 |
------------------------------------------------------------------------------
BLOCK 105:
	is_valid: 1
	target: 62777876
	solution: 89708376
Wallets:
 0: 52 | 1: 50 | 2: 3 |
------------------------------------------------------------------------------
BLOCK 106:
	is_valid: 1
	target: 89708376
	solution: 40616206
Wallets:
 0: 52 | 1: 51 | 2: 3 |
------------------------------------------------------------------------------
BLOCK 107:
	is_valid: 1
	target: 40616206
	solution: 42019316
Wallets:
 0: 52 | 1: 52 | 2: 3 |
------------------------------------------------------------------------------
BLOCK 108:
	is_valid: 1
	target: 42019316
	solution: 63252986
Wallets:
 0: 52 | 1: 53 | 2: 3 |
------------------------------------------------------------------------------
BLOCK 109:
	is_valid: 1
	target: 63252986
	solution: 74983975
Wallets:
 0: 52 | 1: 54 | 2: 3 |
------------------------------------------------------------------------------
BLOCK 110:
	is_valid: 1
	target: 74983975
	solution: 82999379
Wallets:
 0: 52 | 1: 55 | 2: 3 |
------------------------------------------------------------------------------
BLOCK 111:
	is_valid: 1
	target: 82999379
	solution: 88582853
Wallets:
 0: 52 | 1: 56 | 2: 3 |
------------------------------------------------------------------------------
BLOCK 112:
	is_valid: 1
	target: 88582853
	solution: 49056872
Wallets:
 0: 52 | 1: 57 | 2: 3 |
------------------------------------------------------------------------------
BLOCK 113:
	is_valid: 1
	target: 49056872
	solution: 37868273
Wallets:
 0: 52 | 1: 58 | 2: 3 |
------------------------------------------------------------------------------
BLOCK 114:
	is_valid: 1
	target: 37868273
	solution: 89983744
Wallets:
 0: 52 | 1: 59 | 2: 3 |
------------------------------------------------------------------------------
BLOCK 115:
	is_valid: 1
	target: 89983744
	solution: 10563817
Wallets:
 0: 52 | 1: 60 | 2: 3 |
------------------------------------------------------------------------------
BLOCK 116:
	is_valid: 1
	target: 10563817
	solution: 57109452
Wallets:
 0: 52 | 1: 61 | 2: 3 |
------------------------------------------------------------------------------
BLOCK 117:
	is_valid: 1
	target: 57109452
	solution: 78535421
Wallets:
 0: 52 | 1: 62 | 2: 3 |
------------------------------------------------------------------------------
BLOCK 118:
	is_valid: 1
	target: 78535421
	solution: 48878110
Wallets:
 0: 52 | 1: 63 | 2: 3 |
------------------------------------------------------------------------------
BLOCK 119:
	is_valid: 1
	target: 48878110
	solution: 14967636
Wallets:
 0: 52 | 1: 64 | 2: 3 |
------------------------------------------------------------------------------
BLOCK 120:
	is_valid: 1
	target: 14967636
	solution: 3085310
Wallets:
 0: 52 | 1: 64 | 2: 4 |
------------------------------------------------------------------------------
BLOCK 121:
	is_valid: 1
	target: 3085310
	solution: 80117909
Wallets:
 0: 52 | 1: 64 | 2: 5 |
------------------------------------------------------------------------------
BLOCK 122:
	is_valid: 1
	target: 80117909
	solution: 59120697
Wallets:
 0: 52 | 1: 64 | 2: 6 |
------------------------------------------------------------------------------
BLOCK 123:
	is_valid: 1
	target: 59120697
	solution: 25709795
Wallets:
 0: 52 | 1: 64 | 2: 7 |
------------------------------------------------------------------------------
BLOCK 124:
	is_valid: 1
	target: 25709795
	solution: 22026916
Wallets:
 0: 52 | 1: 64 | 2: 8 |
------------------------------------------------------------------------------
BLOCK 125:
	is_valid: 1
	target: 22026916
	solution: 95423684
Wallets:
 0: 52 | 1: 64 | 2: 9 |
------------------------------------------------------------------------------
BLOCK 126:
	is_valid: 1
	target: 95423684
	solution: 60528502
Wallets:
 0: 52 | 1: 64 | 2: 10 |
------------------------------------------------------------------------------
BLOCK 127:
	is_valid: 1
	target: 60528502
	solution: 86024803
Wallets:
 0: 52 | 1: 64 | 2: 11 |
------------------------------------------------------------------------------
BLOCK 128:
	is_valid: 1
	target: 86024803
	solution: 50899838
Wallets:
 0: 52 | 1: 64 | 2: 12 |
------------------------------------------------------------------------------
BLOCK 129:
	is_valid: 1
	target: 50899838
	solution: 99646625
Wallets:
 0: 52 | 1: 64 | 2: 13 |
------------------------------------------------------------------------------
