
########## Mostrando la blockchain. ##########
BLOCK 56:
	is_valid: 1
	target: 82243504
	solution: 21215953
Wallets:
 0: 44 | 1: 10 | 2: 2 |
------------------------------------------------------------------------------
BLOCK 57:
	is_valid: 1
	target: 21215953
	solution: 16158673
Wallets:
 0: 45 | 1: 10 | 2: 2 |
------------------------------------------------------------------------------
BLOCK 58:
	is_valid: 1
	target: 16158673
	solution: 73159206
Wallets:
 0: 46 | 1: 10 | 2: 2 |
------------------------------------------------------------------------------
BLOCK 59:
	is_valid: 1
	target: 73159206
	solution: 52483277
Wallets:
 0: 46 | 1: 11 | 2: 2 |
------------------------------------------------------------------------------
BLOCK 60:
	is_valid: 1
	target: 52483277
	solution: 92630236
Wallets:
 0: 47 | 1: 11 | 2: 2 |
------------------------------------------------------------------------------

########## Mostrando la blockchain. ##########
BLOCK 56:
	is_valid: 1
	target: 82243504
	solution: 21215953
Wallets:
 0: 44 | 1: 10 | 2: 2 |
------------------------------------------------------------------------------
BLOCK 57:
	is_valid: 1
	target: 21215953
	solution: 16158673
Wallets:
 0: 45 | 1: 10 | 2: 2 |
------------------------------------------------------------------------------
BLOCK 58:
	is_valid: 1
	target: 16158673
	solution: 73159206
Wallets:
 0: 46 | 1: 10 | 2: 2 |
------------------------------------------------------------------------------
BLOCK 59:
	is_valid: 1
	target: 73159206
	solution: 52483277
Wallets:
 0: 46 | 1: 11 | 2: 2 |
------------------------------------------------------------------------------
BLOCK 60:
	is_valid: 1
	target: 52483277
	solution: 92630236
Wallets:
 0: 47 | 1: 11 | 2: 2 |
------------------------------------------------------------------------------
BLOCK 61:
	is_valid: 1
	target: 92630236
	solution: 2355135
Wallets:
 0: 47 | 1: 11 | 2: 3 |
------------------------------------------------------------------------------
BLOCK 62:
	is_valid: 1
	target: 2355135
	solution: 75350998
Wallets:
 0: 47 | 1: 11 | 2: 4 |
------------------------------------------------------------------------------
BLOCK 63:
	is_valid: 1
	target: 75350998
	solution: 42528390
Wallets:
 0: 47 | 1: 12 | 2: 4 |
------------------------------------------------------------------------------
BLOCK 64:
	is_valid: 1
	target: 42528390
	solution: 88908795
Wallets:
 0: 47 | 1: 13 | 2: 4 |
------------------------------------------------------------------------------
BLOCK 65:
	is_valid: 1
	target: 88908795
	solution: 16926930
Wallets:
 0: 47 | 1: 13 | 2: 5 |
------------------------------------------------------------------------------
BLOCK 66:
	is_valid: 1
	target: 16926930
	solution: 39786475
Wallets:
 0: 47 | 1: 13 | 2: 6 |
------------------------------------------------------------------------------
BLOCK 67:
	is_valid: 1
	target: 39786475
	solution: 21348115
Wallets:
 0: 48 | 1: 13 | 2: 6 |
------------------------------------------------------------------------------
BLOCK 68:
	is_valid: 1
	target: 21348115
	solution: 83524130
Wallets:
 0: 49 | 1: 13 | 2: 6 |
------------------------------------------------------------------------------
BLOCK 69:
	is_valid: 1
	target: 83524130
	solution: 11427942
Wallets:
 0: 50 | 1: 13 | 2: 6 |
------------------------------------------------------------------------------
BLOCK 70:
	is_valid: 1
	target: 11427942
	solution: 52945209
Wallets:
 0: 50 | 1: 13 | 2: 7 |
------------------------------------------------------------------------------
BLOCK 71:
	is_valid: 1
	target: 52945209
	solution: 88677495
Wallets:
 0: 50 | 1: 13 | 2: 8 |
------------------------------------------------------------------------------
BLOCK 72:
	is_valid: 1
	target: 88677495
	solution: 53513043
Wallets:
 0: 50 | 1: 13 | 2: 9 |
------------------------------------------------------------------------------
BLOCK 73:
	is_valid: 1
	target: 53513043
	solution: 93028785
Wallets:
 0: 50 | 1: 13 | 2: 10 |
------------------------------------------------------------------------------
BLOCK 74:
	is_valid: 1
	target: 93028785
	solution: 70168519
Wallets:
 0: 50 | 1: 13 | 2: 11 |
------------------------------------------------------------------------------
BLOCK 75:
	is_valid: 1
	target: 70168519
	solution: 91912808
Wallets:
 0: 50 | 1: 13 | 2: 12 |
------------------------------------------------------------------------------
BLOCK 76:
	is_valid: 1
	target: 91912808
	solution: 50788566
Wallets:
 0: 51 | 1: 13 | 2: 12 |
------------------------------------------------------------------------------
BLOCK 77:
	is_valid: 1
	target: 50788566
	solution: 12777508
Wallets:
 0: 51 | 1: 13 | 2: 13 |
------------------------------------------------------------------------------
BLOCK 78:
	is_valid: 1
	target: 12777508
	solution: 82523745
Wallets:
 0: 52 | 1: 13 | 2: 13 |
------------------------------------------------------------------------------
BLOCK 79:
	is_valid: 1
	target: 82523745
	solution: 51619620
Wallets:
 0: 53 | 1: 13 | 2: 13 |
------------------------------------------------------------------------------
BLOCK 80:
	is_valid: 1
	target: 51619620
	solution: 78837601
Wallets:
 0: 53 | 1: 14 | 2: 13 |
------------------------------------------------------------------------------
BLOCK 81:
	is_valid: 1
	target: 78837601
	solution: 64399368
Wallets:
 0: 53 | 1: 15 | 2: 13 |
------------------------------------------------------------------------------
BLOCK 82:
	is_valid: 1
	target: 64399368
	solution: 8486437
Wallets:
 0: 54 | 1: 15 | 2: 13 |
------------------------------------------------------------------------------
BLOCK 83:
	is_valid: 1
	target: 8486437
	solution: 59093976
Wallets:
 0: 55 | 1: 15 | 2: 13 |
------------------------------------------------------------------------------
BLOCK 84:
	is_valid: 1
	target: 59093976
	solution: 93308480
Wallets:
 0: 55 | 1: 16 | 2: 13 |
------------------------------------------------------------------------------
BLOCK 85:
	is_valid: 1
	target: 93308480
	solution: 21524208
Wallets:
 0: 55 | 1: 16 | 2: 14 |
------------------------------------------------------------------------------
BLOCK 86:
	is_valid: 1
	target: 21524208
	solution: 87040656
Wallets:
 0: 55 | 1: 16 | 2: 15 |
------------------------------------------------------------------------------

########## Mostrando la blockchain. ##########
BLOCK 56:
	is_valid: 1
	target: 82243504
	solution: 21215953
Wallets:
 0: 44 | 1: 10 | 2: 2 |
------------------------------------------------------------------------------
BLOCK 57:
	is_valid: 1
	target: 21215953
	solution: 16158673
Wallets:
 0: 45 | 1: 10 | 2: 2 |
------------------------------------------------------------------------------
BLOCK 58:
	is_valid: 1
	target: 16158673
	solution: 73159206
Wallets:
 0: 46 | 1: 10 | 2: 2 |
------------------------------------------------------------------------------
BLOCK 59:
	is_valid: 1
	target: 73159206
	solution: 52483277
Wallets:
 0: 46 | 1: 11 | 2: 2 |
------------------------------------------------------------------------------
BLOCK 60:
	is_valid: 1
	target: 52483277
	solution: 92630236
Wallets:
 0: 47 | 1: 11 | 2: 2 |
------------------------------------------------------------------------------
BLOCK 61:
	is_valid: 1
	target: 92630236
	solution: 2355135
Wallets:
 0: 47 | 1: 11 | 2: 3 |
------------------------------------------------------------------------------
BLOCK 62:
	is_valid: 1
	target: 2355135
	solution: 75350998
Wallets:
 0: 47 | 1: 11 | 2: 4 |
------------------------------------------------------------------------------
BLOCK 63:
	is_valid: 1
	target: 75350998
	solution: 42528390
Wallets:
 0: 47 | 1: 12 | 2: 4 |
------------------------------------------------------------------------------
BLOCK 64:
	is_valid: 1
	target: 42528390
	solution: 88908795
Wallets:
 0: 47 | 1: 13 | 2: 4 |
------------------------------------------------------------------------------
BLOCK 65:
	is_valid: 1
	target: 88908795
	solution: 16926930
Wallets:
 0: 47 | 1: 13 | 2: 5 |
------------------------------------------------------------------------------
BLOCK 66:
	is_valid: 1
	target: 16926930
	solution: 39786475
Wallets:
 0: 47 | 1: 13 | 2: 6 |
------------------------------------------------------------------------------
BLOCK 67:
	is_valid: 1
	target: 39786475
	solution: 21348115
Wallets:
 0: 48 | 1: 13 | 2: 6 |
------------------------------------------------------------------------------
BLOCK 68:
	is_valid: 1
	target: 21348115
	solution: 83524130
Wallets:
 0: 49 | 1: 13 | 2: 6 |
------------------------------------------------------------------------------
BLOCK 69:
	is_valid: 1
	target: 83524130
	solution: 11427942
Wallets:
 0: 50 | 1: 13 | 2: 6 |
------------------------------------------------------------------------------
BLOCK 70:
	is_valid: 1
	target: 11427942
	solution: 52945209
Wallets:
 0: 50 | 1: 13 | 2: 7 |
------------------------------------------------------------------------------
BLOCK 71:
	is_valid: 1
	target: 52945209
	solution: 88677495
Wallets:
 0: 50 | 1: 13 | 2: 8 |
------------------------------------------------------------------------------
BLOCK 72:
	is_valid: 1
	target: 88677495
	solution: 53513043
Wallets:
 0: 50 | 1: 13 | 2: 9 |
------------------------------------------------------------------------------
BLOCK 73:
	is_valid: 1
	target: 53513043
	solution: 93028785
Wallets:
 0: 50 | 1: 13 | 2: 10 |
------------------------------------------------------------------------------
BLOCK 74:
	is_valid: 1
	target: 93028785
	solution: 70168519
Wallets:
 0: 50 | 1: 13 | 2: 11 |
------------------------------------------------------------------------------
BLOCK 75:
	is_valid: 1
	target: 70168519
	solution: 91912808
Wallets:
 0: 50 | 1: 13 | 2: 12 |
------------------------------------------------------------------------------
BLOCK 76:
	is_valid: 1
	target: 91912808
	solution: 50788566
Wallets:
 0: 51 | 1: 13 | 2: 12 |
------------------------------------------------------------------------------
BLOCK 77:
	is_valid: 1
	target: 50788566
	solution: 12777508
Wallets:
 0: 51 | 1: 13 | 2: 13 |
------------------------------------------------------------------------------
BLOCK 78:
	is_valid: 1
	target: 12777508
	solution: 82523745
Wallets:
 0: 52 | 1: 13 | 2: 13 |
------------------------------------------------------------------------------
BLOCK 79:
	is_valid: 1
	target: 82523745
	solution: 51619620
Wallets:
 0: 53 | 1: 13 | 2: 13 |
------------------------------------------------------------------------------
BLOCK 80:
	is_valid: 1
	target: 51619620
	solution: 78837601
Wallets:
 0: 53 | 1: 14 | 2: 13 |
------------------------------------------------------------------------------
BLOCK 81:
	is_valid: 1
	target: 78837601
	solution: 64399368
Wallets:
 0: 53 | 1: 15 | 2: 13 |
------------------------------------------------------------------------------
BLOCK 82:
	is_valid: 1
	target: 64399368
	solution: 8486437
Wallets:
 0: 54 | 1: 15 | 2: 13 |
------------------------------------------------------------------------------
BLOCK 83:
	is_valid: 1
	target: 8486437
	solution: 59093976
Wallets:
 0: 55 | 1: 15 | 2: 13 |
------------------------------------------------------------------------------
BLOCK 84:
	is_valid: 1
	target: 59093976
	solution: 93308480
Wallets:
 0: 55 | 1: 16 | 2: 13 |
------------------------------------------------------------------------------
BLOCK 85:
	is_valid: 1
	target: 93308480
	solution: 21524208
Wallets:
 0: 55 | 1: 16 | 2: 14 |
------------------------------------------------------------------------------
BLOCK 86:
	is_valid: 1
	target: 21524208
	solution: 87040656
Wallets:
 0: 55 | 1: 16 | 2: 15 |
------------------------------------------------------------------------------
BLOCK 87:
	is_valid: 1
	target: 87040656
	solution: 47964848
Wallets:
 0: 55 | 1: 17 | 2: 15 |
------------------------------------------------------------------------------
BLOCK 88:
	is_valid: 1
	target: 47964848
	solution: 8379314
Wallets:
 0: 56 | 1: 17 | 2: 15 |
------------------------------------------------------------------------------
BLOCK 89:
	is_valid: 1
	target: 8379314
	solution: 32255888
Wallets:
 0: 57 | 1: 17 | 2: 15 |
------------------------------------------------------------------------------
BLOCK 90:
	is_valid: 1
	target: 32255888
	solution: 73449924
Wallets:
 0: 57 | 1: 18 | 2: 15 |
------------------------------------------------------------------------------
BLOCK 91:
	is_valid: 1
	target: 73449924
	solution: 12934309
Wallets:
 0: 57 | 1: 19 | 2: 15 |
------------------------------------------------------------------------------
BLOCK 92:
	is_valid: 1
	target: 12934309
	solution: 92946447
Wallets:
 0: 58 | 1: 19 | 2: 15 |
------------------------------------------------------------------------------
BLOCK 93:
	is_valid: 1
	target: 92946447
	solution: 67963199
Wallets:
 0: 58 | 1: 20 | 2: 15 |
------------------------------------------------------------------------------
BLOCK 94:
	is_valid: 1
	target: 67963199
	solution: 77351831
Wallets:
 0: 58 | 1: 20 | 2: 16 |
------------------------------------------------------------------------------
BLOCK 95:
	is_valid: 1
	target: 77351831
	solution: 40495110
Wallets:
 0: 58 | 1: 20 | 2: 17 |
------------------------------------------------------------------------------
BLOCK 96:
	is_valid: 1
	target: 40495110
	solution: 37226238
Wallets:
 0: 58 | 1: 20 | 2: 18 |
------------------------------------------------------------------------------
BLOCK 97:
	is_valid: 1
	target: 37226238
	solution: 3261220
Wallets:
 0: 58 | 1: 20 | 2: 19 |
------------------------------------------------------------------------------
BLOCK 98:
	is_valid: 1
	target: 3261220
	solution: 56041457
Wallets:
 0: 59 | 1: 20 | 2: 19 |
------------------------------------------------------------------------------
BLOCK 99:
	is_valid: 1
	target: 56041457
	solution: 33457339
Wallets:
 0: 60 | 1: 20 | 2: 19 |
------------------------------------------------------------------------------
BLOCK 100:
	is_valid: 1
	target: 33457339
	solution: 95218778
Wallets:
 0: 60 | 1: 20 | 2: 20 |
------------------------------------------------------------------------------
BLOCK 101:
	is_valid: 1
	target: 95218778
	solution: 22832402
Wallets:
 0: 60 | 1: 20 | 2: 21 |
------------------------------------------------------------------------------
BLOCK 102:
	is_valid: 1
	target: 22832402
	solution: 63050514
Wallets:
 0: 60 | 1: 20 | 2: 22 |
------------------------------------------------------------------------------
BLOCK 103:
	is_valid: 1
	target: 63050514
	solution: 64406773
Wallets:
 0: 60 | 1: 20 | 2: 23 |
------------------------------------------------------------------------------
BLOCK 104:
	is_valid: 1
	target: 64406773
	solution: 17943949
Wallets:
 0: 60 | 1: 21 | 2: 23 |
------------------------------------------------------------------------------
BLOCK 105:
	is_valid: 1
	target: 17943949
	solution: 86982351
Wallets:
 0: 60 | 1: 21 | 2: 24 |
------------------------------------------------------------------------------
BLOCK 106:
	is_valid: 1
	target: 86982351
	solution: 35145013
Wallets:
 0: 60 | 1: 21 | 2: 25 |
------------------------------------------------------------------------------

########## Mostrando la blockchain. ##########
BLOCK 56:
	is_valid: 1
	target: 82243504
	solution: 21215953
Wallets:
 0: 44 | 1: 10 | 2: 2 |
------------------------------------------------------------------------------
BLOCK 57:
	is_valid: 1
	target: 21215953
	solution: 16158673
Wallets:
 0: 45 | 1: 10 | 2: 2 |
------------------------------------------------------------------------------
BLOCK 58:
	is_valid: 1
	target: 16158673
	solution: 73159206
Wallets:
 0: 46 | 1: 10 | 2: 2 |
------------------------------------------------------------------------------
BLOCK 59:
	is_valid: 1
	target: 73159206
	solution: 52483277
Wallets:
 0: 46 | 1: 11 | 2: 2 |
------------------------------------------------------------------------------
BLOCK 60:
	is_valid: 1
	target: 52483277
	solution: 92630236
Wallets:
 0: 47 | 1: 11 | 2: 2 |
------------------------------------------------------------------------------
BLOCK 61:
	is_valid: 1
	target: 92630236
	solution: 2355135
Wallets:
 0: 47 | 1: 11 | 2: 3 |
------------------------------------------------------------------------------
BLOCK 62:
	is_valid: 1
	target: 2355135
	solution: 75350998
Wallets:
 0: 47 | 1: 11 | 2: 4 |
------------------------------------------------------------------------------
BLOCK 63:
	is_valid: 1
	target: 75350998
	solution: 42528390
Wallets:
 0: 47 | 1: 12 | 2: 4 |
------------------------------------------------------------------------------
BLOCK 64:
	is_valid: 1
	target: 42528390
	solution: 88908795
Wallets:
 0: 47 | 1: 13 | 2: 4 |
------------------------------------------------------------------------------
BLOCK 65:
	is_valid: 1
	target: 88908795
	solution: 16926930
Wallets:
 0: 47 | 1: 13 | 2: 5 |
------------------------------------------------------------------------------
BLOCK 66:
	is_valid: 1
	target: 16926930
	solution: 39786475
Wallets:
 0: 47 | 1: 13 | 2: 6 |
------------------------------------------------------------------------------
BLOCK 67:
	is_valid: 1
	target: 39786475
	solution: 21348115
Wallets:
 0: 48 | 1: 13 | 2: 6 |
------------------------------------------------------------------------------
BLOCK 68:
	is_valid: 1
	target: 21348115
	solution: 83524130
Wallets:
 0: 49 | 1: 13 | 2: 6 |
------------------------------------------------------------------------------
BLOCK 69:
	is_valid: 1
	target: 83524130
	solution: 11427942
Wallets:
 0: 50 | 1: 13 | 2: 6 |
------------------------------------------------------------------------------
BLOCK 70:
	is_valid: 1
	target: 11427942
	solution: 52945209
Wallets:
 0: 50 | 1: 13 | 2: 7 |
------------------------------------------------------------------------------
BLOCK 71:
	is_valid: 1
	target: 52945209
	solution: 88677495
Wallets:
 0: 50 | 1: 13 | 2: 8 |
------------------------------------------------------------------------------
BLOCK 72:
	is_valid: 1
	target: 88677495
	solution: 53513043
Wallets:
 0: 50 | 1: 13 | 2: 9 |
------------------------------------------------------------------------------
BLOCK 73:
	is_valid: 1
	target: 53513043
	solution: 93028785
Wallets:
 0: 50 | 1: 13 | 2: 10 |
------------------------------------------------------------------------------
BLOCK 74:
	is_valid: 1
	target: 93028785
	solution: 70168519
Wallets:
 0: 50 | 1: 13 | 2: 11 |
------------------------------------------------------------------------------
BLOCK 75:
	is_valid: 1
	target: 70168519
	solution: 91912808
Wallets:
 0: 50 | 1: 13 | 2: 12 |
------------------------------------------------------------------------------
BLOCK 76:
	is_valid: 1
	target: 91912808
	solution: 50788566
Wallets:
 0: 51 | 1: 13 | 2: 12 |
------------------------------------------------------------------------------
BLOCK 77:
	is_valid: 1
	target: 50788566
	solution: 12777508
Wallets:
 0: 51 | 1: 13 | 2: 13 |
------------------------------------------------------------------------------
BLOCK 78:
	is_valid: 1
	target: 12777508
	solution: 82523745
Wallets:
 0: 52 | 1: 13 | 2: 13 |
------------------------------------------------------------------------------
BLOCK 79:
	is_valid: 1
	target: 82523745
	solution: 51619620
Wallets:
 0: 53 | 1: 13 | 2: 13 |
------------------------------------------------------------------------------
BLOCK 80:
	is_valid: 1
	target: 51619620
	solution: 78837601
Wallets:
 0: 53 | 1: 14 | 2: 13 |
------------------------------------------------------------------------------
BLOCK 81:
	is_valid: 1
	target: 78837601
	solution: 64399368
Wallets:
 0: 53 | 1: 15 | 2: 13 |
------------------------------------------------------------------------------
BLOCK 82:
	is_valid: 1
	target: 64399368
	solution: 8486437
Wallets:
 0: 54 | 1: 15 | 2: 13 |
------------------------------------------------------------------------------
BLOCK 83:
	is_valid: 1
	target: 8486437
	solution: 59093976
Wallets:
 0: 55 | 1: 15 | 2: 13 |
------------------------------------------------------------------------------
BLOCK 84:
	is_valid: 1
	target: 59093976
	solution: 93308480
Wallets:
 0: 55 | 1: 16 | 2: 13 |
------------------------------------------------------------------------------
BLOCK 85:
	is_valid: 1
	target: 93308480
	solution: 21524208
Wallets:
 0: 55 | 1: 16 | 2: 14 |
------------------------------------------------------------------------------
BLOCK 86:
	is_valid: 1
	target: 21524208
	solution: 87040656
Wallets:
 0: 55 | 1: 16 | 2: 15 |
------------------------------------------------------------------------------
BLOCK 87:
	is_valid: 1
	target: 87040656
	solution: 47964848
Wallets:
 0: 55 | 1: 17 | 2: 15 |
------------------------------------------------------------------------------
BLOCK 88:
	is_valid: 1
	target: 47964848
	solution: 8379314
Wallets:
 0: 56 | 1: 17 | 2: 15 |
------------------------------------------------------------------------------
BLOCK 89:
	is_valid: 1
	target: 8379314
	solution: 32255888
Wallets:
 0: 57 | 1: 17 | 2: 15 |
------------------------------------------------------------------------------
BLOCK 90:
	is_valid: 1
	target: 32255888
	solution: 73449924
Wallets:
 0: 57 | 1: 18 | 2: 15 |
------------------------------------------------------------------------------
BLOCK 91:
	is_valid: 1
	target: 73449924
	solution: 12934309
Wallets:
 0: 57 | 1: 19 | 2: 15 |
------------------------------------------------------------------------------
BLOCK 92:
	is_valid: 1
	target: 12934309
	solution: 92946447
Wallets:
 0: 58 | 1: 19 | 2: 15 |
------------------------------------------------------------------------------
BLOCK 93:
	is_valid: 1
	target: 92946447
	solution: 67963199
Wallets:
 0: 58 | 1: 20 | 2: 15 |
------------------------------------------------------------------------------
BLOCK 94:
	is_valid: 1
	target: 67963199
	solution: 77351831
Wallets:
 0: 58 | 1: 20 | 2: 16 |
------------------------------------------------------------------------------
BLOCK 95:
	is_valid: 1
	target: 77351831
	solution: 40495110
Wallets:
 0: 58 | 1: 20 | 2: 17 |
------------------------------------------------------------------------------
BLOCK 96:
	is_valid: 1
	target: 40495110
	solution: 37226238
Wallets:
 0: 58 | 1: 20 | 2: 18 |
------------------------------------------------------------------------------
BLOCK 97:
	is_valid: 1
	target: 37226238
	solution: 3261220
Wallets:
 0: 58 | 1: 20 | 2: 19 |
------------------------------------------------------------------------------
BLOCK 98:
	is_valid: 1
	target: 3261220
	solution: 56041457
Wallets:
 0: 59 | 1: 20 | 2: 19 |
------------------------------------------------------------------------------
BLOCK 99:
	is_valid: 1
	target: 56041457
	solution: 33457339
Wallets:
 0: 60 | 1: 20 | 2: 19 |
------------------------------------------------------------------------------
BLOCK 100:
	is_valid: 1
	target: 33457339
	solution: 95218778
Wallets:
 0: 60 | 1: 20 | 2: 20 |
------------------------------------------------------------------------------
BLOCK 101:
	is_valid: 1
	target: 95218778
	solution: 22832402
Wallets:
 0: 60 | 1: 20 | 2: 21 |
------------------------------------------------------------------------------
BLOCK 102:
	is_valid: 1
	target: 22832402
	solution: 63050514
Wallets:
 0: 60 | 1: 20 | 2: 22 |
------------------------------------------------------------------------------
BLOCK 103:
	is_valid: 1
	target: 63050514
	solution: 64406773
Wallets:
 0: 60 | 1: 20 | 2: 23 |
------------------------------------------------------------------------------
BLOCK 104:
	is_valid: 1
	target: 64406773
	solution: 17943949
Wallets:
 0: 60 | 1: 21 | 2: 23 |
------------------------------------------------------------------------------
BLOCK 105:
	is_valid: 1
	target: 17943949
	solution: 86982351
Wallets:
 0: 60 | 1: 21 | 2: 24 |
------------------------------------------------------------------------------
BLOCK 106:
	is_valid: 1
	target: 86982351
	solution: 35145013
Wallets:
 0: 60 | 1: 21 | 2: 25 |
------------------------------------------------------------------------------
BLOCK 107:
	is_valid: 1
	target: 35145013
	solution: 23291916
Wallets:
 0: 60 | 1: 22 | 2: 25 |
------------------------------------------------------------------------------
BLOCK 108:
	is_valid: 1
	target: 23291916
	solution: 51877307
Wallets:
 0: 60 | 1: 22 | 2: 26 |
------------------------------------------------------------------------------
BLOCK 109:
	is_valid: 1
	target: 51877307
	solution: 59261380
Wallets:
 0: 60 | 1: 23 | 2: 26 |
------------------------------------------------------------------------------
BLOCK 110:
	is_valid: 1
	target: 59261380
	solution: 90481030
Wallets:
 0: 60 | 1: 24 | 2: 26 |
------------------------------------------------------------------------------
BLOCK 111:
	is_valid: 1
	target: 90481030
	solution: 75707193
Wallets:
 0: 60 | 1: 24 | 2: 27 |
------------------------------------------------------------------------------
BLOCK 112:
	is_valid: 1
	target: 75707193
	solution: 35478860
Wallets:
 0: 60 | 1: 25 | 2: 27 |
------------------------------------------------------------------------------
BLOCK 113:
	is_valid: 1
	target: 35478860
	solution: 22459472
Wallets:
 0: 60 | 1: 25 | 2: 28 |
------------------------------------------------------------------------------
BLOCK 114:
	is_valid: 1
	target: 22459472
	solution: 57098976
Wallets:
 0: 60 | 1: 25 | 2: 29 |
------------------------------------------------------------------------------
BLOCK 115:
	is_valid: 1
	target: 57098976
	solution: 49734039
Wallets:
 0: 60 | 1: 25 | 2: 30 |
------------------------------------------------------------------------------
BLOCK 116:
	is_valid: 1
	target: 49734039
	solution: 17593839
Wallets:
 0: 60 | 1: 25 | 2: 31 |
------------------------------------------------------------------------------
BLOCK 117:
	is_valid: 1
	target: 17593839
	solution: 61831457
Wallets:
 0: 60 | 1: 26 | 2: 31 |
------------------------------------------------------------------------------
BLOCK 118:
	is_valid: 1
	target: 61831457
	solution: 46390318
Wallets:
 0: 60 | 1: 27 | 2: 31 |
------------------------------------------------------------------------------
BLOCK 119:
	is_valid: 1
	target: 46390318
	solution: 95347781
Wallets:
 0: 60 | 1: 28 | 2: 31 |
------------------------------------------------------------------------------
BLOCK 120:
	is_valid: 1
	target: 95347781
	solution: 61410282
Wallets:
 0: 60 | 1: 29 | 2: 31 |
------------------------------------------------------------------------------
BLOCK 121:
	is_valid: 1
	target: 61410282
	solution: 39049440
Wallets:
 0: 60 | 1: 30 | 2: 31 |
------------------------------------------------------------------------------
BLOCK 122:
	is_valid: 1
	target: 39049440
	solution: 84928018
Wallets:
 0: 60 | 1: 31 | 2: 31 |
------------------------------------------------------------------------------
BLOCK 123:
	is_valid: 1
	target: 84928018
	solution: 246178
Wallets:
 0: 60 | 1: 31 | 2: 32 |
------------------------------------------------------------------------------
BLOCK 124:
	is_valid: 1
	target: 246178
	solution: 5622566
Wallets:
 0: 60 | 1: 32 | 2: 32 |
------------------------------------------------------------------------------
BLOCK 125:
	is_valid: 1
	target: 5622566
	solution: 17173857
Wallets:
 0: 60 | 1: 33 | 2: 32 |
------------------------------------------------------------------------------
BLOCK 126:
	is_valid: 1
	target: 17173857
	solution: 38202380
Wallets:
 0: 60 | 1: 33 | 2: 33 |
------------------------------------------------------------------------------
BLOCK 127:
	is_valid: 1
	target: 38202380
	solution: 12510144
Wallets:
 0: 60 | 1: 34 | 2: 33 |
------------------------------------------------------------------------------
BLOCK 128:
	is_valid: 1
	target: 12510144
	solution: 66999842
Wallets:
 0: 60 | 1: 34 | 2: 34 |
------------------------------------------------------------------------------
BLOCK 129:
	is_valid: 1
	target: 66999842
	solution: 68564356
Wallets:
 0: 60 | 1: 34 | 2: 35 |
------------------------------------------------------------------------------
BLOCK 130:
	is_valid: 1
	target: 68564356
	solution: 24886082
Wallets:
 0: 60 | 1: 35 | 2: 35 |
------------------------------------------------------------------------------
BLOCK 131:
	is_valid: 1
	target: 24886082
	solution: 85825945
Wallets:
 0: 60 | 1: 35 | 2: 36 |
------------------------------------------------------------------------------
BLOCK 132:
	is_valid: 1
	target: 85825945
	solution: 34985859
Wallets:
 0: 60 | 1: 35 | 2: 37 |
------------------------------------------------------------------------------
BLOCK 133:
	is_valid: 1
	target: 34985859
	solution: 86486128
Wallets:
 0: 60 | 1: 35 | 2: 38 |
------------------------------------------------------------------------------
BLOCK 134:
	is_valid: 1
	target: 86486128
	solution: 92031685
Wallets:
 0: 60 | 1: 35 | 2: 39 |
------------------------------------------------------------------------------
BLOCK 135:
	is_valid: 1
	target: 92031685
	solution: 95852588
Wallets:
 0: 60 | 1: 35 | 2: 40 |
------------------------------------------------------------------------------
BLOCK 136:
	is_valid: 1
	target: 95852588
	solution: 80279464
Wallets:
 0: 60 | 1: 35 | 2: 41 |
------------------------------------------------------------------------------
BLOCK 137:
	is_valid: 1
	target: 80279464
	solution: 82002536
Wallets:
 0: 60 | 1: 35 | 2: 42 |
------------------------------------------------------------------------------
BLOCK 138:
	is_valid: 1
	target: 82002536
	solution: 33894810
Wallets:
 0: 60 | 1: 35 | 2: 43 |
------------------------------------------------------------------------------
BLOCK 139:
	is_valid: 1
	target: 33894810
	solution: 69585841
Wallets:
 0: 60 | 1: 35 | 2: 44 |
------------------------------------------------------------------------------
BLOCK 140:
	is_valid: 1
	target: 69585841
	solution: 26362326
Wallets:
 0: 60 | 1: 35 | 2: 45 |
------------------------------------------------------------------------------
